SF:./lib\common\exception.dart
DA:6,3
LF:1
LH:1
end_of_record
SF:./lib\data\datasources\local_data_source.dart
DA:15,1
DA:17,1
DA:20,2
DA:23,2
DA:27,1
DA:30,2
DA:33,2
DA:37,1
DA:39,2
DA:41,1
DA:47,1
DA:49,2
DA:50,4
LF:13
LH:13
end_of_record
SF:./lib\data\models\watchlist_table.dart
DA:15,3
DA:22,2
DA:23,1
DA:24,1
DA:25,1
DA:26,1
DA:29,2
DA:30,1
DA:31,1
DA:32,1
DA:33,1
DA:36,2
DA:37,1
DA:38,1
DA:39,1
DA:40,1
DA:41,1
DA:43,0
DA:44,0
DA:45,0
DA:46,0
DA:47,0
DA:48,0
DA:51,2
DA:52,1
DA:53,1
DA:54,1
DA:55,1
DA:58,2
DA:59,1
DA:60,1
DA:61,1
DA:62,1
DA:65,3
DA:66,15
LF:35
LH:29
end_of_record
SF:./lib\domain\entities\Tvshow.dart
DA:18,13
DA:34,2
DA:41,9
DA:42,9
DA:43,9
DA:44,9
DA:45,9
DA:46,9
DA:47,9
DA:48,9
DA:49,9
DA:50,9
DA:51,9
DA:52,9
DA:53,9
DA:54,9
DA:55,9
LF:17
LH:17
end_of_record
SF:./lib\domain\entities\genre.dart
DA:4,6
DA:12,2
DA:13,6
LF:3
LH:3
end_of_record
SF:./lib\domain\entities\movie.dart
DA:4,12
DA:20,2
DA:41,8
DA:42,8
DA:43,8
DA:44,8
DA:45,8
DA:46,8
DA:47,8
DA:48,8
DA:49,8
DA:50,8
DA:51,8
DA:52,8
DA:53,8
DA:54,8
DA:55,8
LF:17
LH:17
end_of_record
SF:./lib\domain\entities\movie_detail.dart
DA:5,6
DA:33,2
DA:34,2
DA:35,2
DA:36,2
DA:37,2
DA:38,2
DA:39,2
DA:40,2
DA:41,2
DA:42,2
DA:43,2
DA:44,2
DA:45,2
LF:14
LH:14
end_of_record
SF:./lib\domain\entities\season_detail.dart
DA:15,4
DA:28,1
DA:29,1
DA:30,1
DA:31,1
DA:32,1
DA:33,1
DA:34,1
DA:35,1
DA:36,1
DA:37,1
DA:38,1
DA:39,1
DA:60,4
DA:78,2
DA:79,2
DA:80,2
DA:81,2
DA:82,2
DA:83,2
DA:84,2
DA:85,2
DA:86,2
DA:87,2
DA:88,2
DA:89,2
DA:90,2
DA:91,2
DA:92,2
DA:93,2
DA:94,2
DA:104,4
DA:111,0
DA:112,0
DA:113,0
DA:114,0
DA:115,0
DA:116,0
DA:117,0
DA:120,1
DA:121,5
LF:41
LH:34
end_of_record
SF:./lib\domain\entities\tvshow_detail.dart
DA:4,6
DA:72,2
DA:73,2
DA:74,2
DA:75,2
DA:76,2
DA:77,2
DA:78,2
DA:79,2
DA:80,2
DA:81,2
DA:82,2
DA:83,2
DA:84,2
DA:85,2
DA:86,2
DA:87,2
DA:88,2
DA:89,2
DA:90,2
DA:91,2
DA:92,2
DA:93,2
DA:94,2
DA:95,2
DA:96,2
DA:97,2
DA:98,2
DA:99,2
DA:100,2
DA:101,2
DA:102,2
DA:103,2
DA:104,2
DA:105,2
DA:112,6
DA:126,2
DA:127,12
DA:131,6
DA:139,2
DA:140,6
DA:144,6
DA:172,2
DA:173,2
DA:174,2
DA:175,2
DA:176,2
DA:177,2
DA:178,2
DA:179,2
DA:180,2
DA:181,2
DA:182,2
DA:183,2
DA:184,2
DA:185,2
DA:190,6
DA:202,2
DA:203,10
DA:207,6
DA:219,2
DA:220,10
DA:224,6
DA:232,2
DA:233,6
DA:237,6
DA:257,2
DA:258,2
DA:259,2
DA:260,2
DA:261,2
DA:262,2
DA:263,2
DA:264,2
DA:265,2
DA:266,2
DA:271,6
DA:281,2
DA:282,8
LF:79
LH:79
end_of_record
SF:./lib\common\failure.dart
DA:6,16
DA:8,2
DA:9,4
DA:13,28
DA:17,4
DA:21,12
LF:6
LH:6
end_of_record
SF:./lib\data\datasources\movie\movie_remote_data_source.dart
DA:31,1
DA:33,1
DA:36,3
DA:38,2
DA:39,4
DA:41,1
DA:43,1
DA:47,1
DA:50,4
DA:52,2
DA:53,3
DA:55,2
DA:56,1
DA:60,1
DA:62,1
DA:63,3
DA:65,2
DA:66,4
DA:68,1
DA:69,1
DA:70,1
DA:74,1
DA:77,3
DA:79,2
DA:80,4
DA:82,1
DA:84,1
DA:88,1
DA:91,3
DA:93,2
DA:94,4
DA:96,1
DA:98,1
DA:102,1
DA:104,1
DA:105,3
DA:107,2
DA:108,4
DA:110,1
DA:111,1
DA:112,1
LF:41
LH:41
end_of_record
SF:./lib\data\datasources\tvshow\tvshow_remote_data_source.dart
DA:35,1
DA:37,1
DA:40,3
DA:42,2
DA:43,4
DA:45,1
DA:47,1
DA:51,1
DA:53,4
DA:55,2
DA:56,3
DA:58,2
DA:59,1
DA:63,1
DA:65,1
DA:66,3
DA:68,2
DA:69,4
DA:71,1
DA:72,1
DA:73,1
DA:77,1
DA:80,3
DA:82,2
DA:83,4
DA:85,1
DA:86,1
DA:90,1
DA:93,3
DA:95,2
DA:96,4
DA:98,1
DA:100,1
DA:104,1
DA:106,1
DA:107,3
DA:109,2
DA:110,4
DA:112,1
DA:113,1
DA:114,1
DA:118,1
DA:121,1
DA:122,3
DA:124,2
DA:125,3
DA:127,1
DA:128,1
DA:129,1
LF:49
LH:49
end_of_record
SF:./lib\data\models\movie\movie_detail_response.dart
DA:6,2
DA:52,1
DA:53,1
DA:54,1
DA:55,1
DA:56,1
DA:57,1
DA:58,4
DA:59,1
DA:60,1
DA:61,1
DA:62,1
DA:63,1
DA:64,1
DA:65,2
DA:66,1
DA:67,1
DA:68,1
DA:69,1
DA:70,1
DA:71,1
DA:72,1
DA:73,1
DA:74,2
DA:75,1
DA:78,1
DA:79,1
DA:80,1
DA:81,1
DA:82,5
DA:83,1
DA:84,1
DA:85,1
DA:86,1
DA:87,1
DA:88,1
DA:89,1
DA:90,1
DA:91,1
DA:95,1
DA:97,1
DA:98,1
DA:99,1
DA:100,1
DA:101,1
DA:102,1
DA:103,1
DA:104,1
DA:105,1
DA:106,1
DA:107,1
DA:108,1
DA:109,1
DA:110,1
DA:111,1
DA:112,1
DA:113,1
DA:114,1
DA:115,1
DA:116,1
DA:117,1
DA:118,1
LF:62
LH:62
end_of_record
SF:./lib\data\models\movie\movie_model.dart
DA:5,4
DA:35,4
DA:36,2
DA:37,2
DA:38,8
DA:39,2
DA:40,2
DA:41,2
DA:42,4
DA:43,2
DA:44,2
DA:45,2
DA:46,2
DA:47,4
DA:48,2
DA:51,2
DA:52,1
DA:53,1
DA:54,4
DA:55,1
DA:56,1
DA:57,1
DA:58,1
DA:59,1
DA:60,1
DA:61,1
DA:62,1
DA:63,1
DA:64,1
DA:67,2
DA:68,2
DA:69,2
DA:70,2
DA:71,2
DA:72,2
DA:73,2
DA:74,2
DA:75,2
DA:76,2
DA:77,2
DA:78,2
DA:79,2
DA:80,2
DA:81,2
DA:85,2
DA:86,2
DA:87,2
DA:88,2
DA:89,2
DA:90,2
DA:91,2
DA:92,2
DA:93,2
DA:94,2
DA:95,2
DA:96,2
DA:97,2
DA:98,2
DA:99,2
LF:59
LH:59
end_of_record
SF:./lib\data\models\tvshow\season_detail_response.dart
DA:16,2
DA:29,1
DA:30,1
DA:31,1
DA:32,1
DA:33,1
DA:34,3
DA:35,1
DA:36,0
DA:37,1
DA:38,1
DA:39,3
DA:40,1
DA:41,0
DA:42,1
DA:43,2
DA:44,1
DA:45,0
DA:46,1
DA:47,2
DA:48,1
DA:49,0
DA:50,2
DA:51,2
DA:52,0
DA:55,1
DA:56,1
DA:57,1
DA:58,1
DA:59,1
DA:60,1
DA:61,1
DA:62,1
DA:63,1
DA:64,1
DA:65,1
DA:66,1
DA:69,1
DA:70,1
DA:71,1
DA:72,1
DA:73,1
DA:74,5
DA:75,1
DA:76,1
DA:77,1
DA:78,1
DA:79,1
DA:80,5
DA:102,2
DA:120,2
DA:121,1
DA:122,2
DA:123,1
DA:124,0
DA:125,1
DA:126,2
DA:127,1
DA:128,0
DA:129,1
DA:130,1
DA:131,1
DA:132,2
DA:133,1
DA:134,0
DA:135,2
DA:136,1
DA:137,0
DA:138,2
DA:139,1
DA:140,0
DA:141,1
DA:142,2
DA:143,2
DA:144,0
DA:145,2
DA:146,1
DA:147,0
DA:148,1
DA:149,2
DA:152,1
DA:153,1
DA:154,1
DA:155,1
DA:156,1
DA:157,1
DA:158,1
DA:159,1
DA:160,1
DA:161,1
DA:162,1
DA:163,1
DA:164,1
DA:165,1
DA:166,1
DA:167,1
DA:168,1
DA:171,1
DA:172,1
DA:173,1
DA:174,1
DA:175,1
DA:176,1
DA:177,1
DA:178,1
DA:179,1
DA:180,1
DA:190,2
DA:197,2
DA:198,2
DA:199,1
DA:200,0
DA:201,1
DA:202,1
DA:203,1
DA:206,1
DA:207,1
DA:208,1
DA:209,1
DA:210,1
DA:211,1
DA:215,1
DA:216,5
LF:123
LH:110
end_of_record
SF:./lib\data\models\tvshow\tvshow_detail_response.dart
DA:5,2
DA:73,1
DA:74,1
DA:75,1
DA:76,1
DA:77,1
DA:78,4
DA:79,3
DA:80,1
DA:81,1
DA:82,4
DA:83,1
DA:84,1
DA:85,1
DA:86,4
DA:87,1
DA:89,2
DA:90,1
DA:91,1
DA:93,2
DA:94,1
DA:95,4
DA:96,1
DA:97,1
DA:98,4
DA:99,1
DA:100,1
DA:101,1
DA:102,2
DA:103,1
DA:104,1
DA:105,1
DA:106,3
DA:107,1
DA:108,1
DA:109,3
DA:110,1
DA:111,4
DA:112,2
DA:113,3
DA:114,1
DA:115,1
DA:116,1
DA:117,2
DA:118,1
DA:121,1
DA:122,1
DA:123,1
DA:124,1
DA:125,5
DA:126,1
DA:127,1
DA:128,5
DA:129,1
DA:130,1
DA:131,1
DA:132,1
DA:133,1
DA:134,2
DA:135,1
DA:136,2
DA:137,5
DA:138,1
DA:139,1
DA:140,1
DA:141,1
DA:142,1
DA:143,1
DA:144,1
DA:145,1
DA:147,5
DA:149,5
DA:150,5
DA:152,5
DA:153,1
DA:154,1
DA:155,1
DA:156,1
DA:157,1
DA:161,1
DA:162,1
DA:163,1
DA:164,1
DA:165,1
DA:166,1
DA:167,1
DA:168,1
DA:169,1
DA:170,1
DA:171,1
DA:172,1
DA:173,1
DA:174,1
DA:175,1
DA:176,1
DA:177,1
DA:178,1
DA:179,1
DA:180,1
DA:181,1
DA:182,1
DA:183,1
DA:184,1
DA:185,1
DA:186,1
DA:187,1
DA:188,1
DA:189,1
DA:190,1
DA:191,1
DA:192,1
DA:193,1
DA:194,1
DA:201,2
DA:215,2
DA:216,1
DA:217,1
DA:218,1
DA:219,1
DA:220,1
DA:223,1
DA:224,1
DA:225,1
DA:226,1
DA:227,1
DA:228,1
DA:229,1
DA:233,1
DA:234,6
DA:238,2
DA:246,2
DA:247,1
DA:248,1
DA:251,1
DA:252,3
DA:255,1
DA:256,3
DA:260,2
DA:288,1
DA:289,1
DA:290,1
DA:291,1
DA:292,1
DA:293,2
DA:294,1
DA:295,1
DA:296,1
DA:297,1
DA:298,1
DA:299,1
DA:300,1
DA:301,1
DA:304,1
DA:305,1
DA:306,1
DA:307,1
DA:308,1
DA:309,1
DA:310,1
DA:311,1
DA:312,1
DA:313,1
DA:314,1
DA:315,1
DA:316,1
DA:317,1
DA:321,1
DA:322,1
DA:323,1
DA:324,1
DA:325,1
DA:326,1
DA:327,1
DA:328,1
DA:329,1
DA:330,1
DA:331,1
DA:332,1
DA:333,1
DA:334,1
DA:339,2
DA:351,2
DA:352,1
DA:353,1
DA:354,1
DA:355,1
DA:358,1
DA:359,1
DA:360,1
DA:361,1
DA:362,1
DA:363,1
DA:367,1
DA:368,5
DA:372,2
DA:384,1
DA:385,1
DA:386,1
DA:387,1
DA:388,1
DA:389,1
DA:392,1
DA:393,1
DA:394,1
DA:395,1
DA:396,1
DA:397,1
DA:401,1
DA:402,5
DA:406,2
DA:414,1
DA:415,1
DA:416,1
DA:417,1
DA:420,1
DA:421,1
DA:422,1
DA:423,1
DA:427,1
DA:428,3
DA:432,2
DA:452,2
DA:453,1
DA:454,1
DA:455,1
DA:456,1
DA:457,1
DA:458,1
DA:459,1
DA:460,2
DA:463,1
DA:464,1
DA:465,1
DA:466,1
DA:467,1
DA:468,1
DA:469,1
DA:470,1
DA:471,1
DA:472,1
DA:476,1
DA:477,1
DA:478,1
DA:479,1
DA:480,1
DA:481,1
DA:482,1
DA:483,1
DA:484,1
DA:485,1
DA:490,2
DA:500,1
DA:501,1
DA:502,1
DA:503,1
DA:504,1
DA:507,1
DA:508,1
DA:509,1
DA:510,1
DA:511,1
DA:515,1
DA:516,4
LF:263
LH:263
end_of_record
SF:./lib\data\models\tvshow\tvshow_model.dart
DA:6,4
DA:36,4
DA:37,2
DA:38,2
DA:39,8
DA:40,2
DA:41,2
DA:42,8
DA:43,2
DA:44,2
DA:45,2
DA:46,4
DA:47,2
DA:48,4
DA:49,2
DA:52,2
DA:53,1
DA:54,1
DA:55,4
DA:56,1
DA:57,1
DA:58,4
DA:59,1
DA:60,1
DA:61,1
DA:62,1
DA:63,1
DA:64,1
DA:65,1
DA:68,2
DA:69,2
DA:70,2
DA:71,2
DA:72,2
DA:73,2
DA:74,2
DA:75,2
DA:76,2
DA:77,2
DA:78,2
DA:79,2
DA:80,2
DA:81,2
DA:82,2
DA:86,2
DA:87,2
DA:88,2
DA:89,2
DA:90,2
DA:91,2
DA:92,2
DA:93,2
DA:94,2
DA:95,2
DA:96,2
DA:97,2
DA:98,2
DA:99,2
DA:100,2
LF:59
LH:59
end_of_record
SF:./lib\data\models\movie\movie_response.dart
DA:7,2
DA:9,4
DA:10,4
DA:11,6
DA:12,6
DA:15,2
DA:16,5
DA:19,1
DA:20,2
LF:9
LH:9
end_of_record
SF:./lib\util\crashlytics_helper.dart
DA:8,2
DA:9,0
DA:10,0
DA:11,0
DA:12,0
DA:14,0
DA:15,0
DA:16,0
LF:8
LH:1
end_of_record
SF:./lib\data\models\tvshow\tvshow_response.dart
DA:7,2
DA:9,4
DA:10,4
DA:11,6
DA:12,6
DA:15,2
DA:16,5
DA:19,1
DA:20,2
LF:9
LH:9
end_of_record
SF:./lib\data\models\movie\genre_model.dart
DA:5,2
DA:13,2
DA:14,1
DA:15,1
DA:18,1
DA:19,3
DA:22,1
DA:23,3
LF:8
LH:8
end_of_record
SF:./lib\data\repositories\movie_repository_impl.dart
DA:17,1
DA:22,1
DA:25,2
DA:26,5
DA:27,1
DA:28,2
DA:29,1
DA:30,2
DA:34,1
DA:37,2
DA:38,2
DA:39,1
DA:40,2
DA:41,1
DA:42,2
DA:46,1
DA:49,2
DA:50,3
DA:51,1
DA:52,2
DA:53,1
DA:54,2
DA:58,1
DA:61,2
DA:62,5
DA:63,1
DA:64,2
DA:65,1
DA:66,2
DA:70,1
DA:73,2
DA:74,5
DA:75,1
DA:76,2
DA:77,1
DA:78,2
DA:82,1
DA:85,2
DA:86,5
DA:87,1
DA:88,2
DA:89,1
DA:90,2
DA:94,1
DA:97,1
DA:98,2
DA:99,1
DA:100,1
DA:101,3
DA:107,1
DA:110,1
DA:111,2
DA:112,1
DA:113,1
DA:114,3
DA:118,1
DA:120,2
DA:124,1
DA:126,2
DA:127,5
LF:60
LH:60
end_of_record
SF:./lib\data\repositories\tvshow_repository_impl.dart
DA:19,1
DA:24,1
DA:27,2
DA:28,5
DA:29,1
DA:30,2
DA:31,1
DA:32,2
DA:36,1
DA:39,2
DA:40,2
DA:41,1
DA:42,2
DA:43,1
DA:44,2
DA:48,1
DA:51,2
DA:52,3
DA:53,1
DA:54,2
DA:55,1
DA:56,2
DA:60,1
DA:63,2
DA:64,5
DA:65,1
DA:66,2
DA:67,1
DA:68,2
DA:72,1
DA:75,2
DA:76,5
DA:77,1
DA:78,2
DA:79,1
DA:80,2
DA:84,1
DA:87,2
DA:88,5
DA:89,1
DA:90,2
DA:91,1
DA:92,2
DA:96,1
DA:99,1
DA:100,2
DA:101,1
DA:102,1
DA:103,3
DA:109,1
DA:112,1
DA:113,2
DA:114,1
DA:115,1
DA:116,3
DA:120,1
DA:122,2
DA:126,1
DA:128,2
DA:129,5
DA:132,0
DA:137,0
DA:138,0
DA:139,0
DA:140,0
DA:141,0
DA:142,0
LF:67
LH:60
end_of_record
SF:./lib\domain\usecases\movie\get_movie_detail.dart
DA:9,1
DA:11,1
DA:12,2
LF:3
LH:3
end_of_record
SF:./lib\domain\usecases\movie\get_movie_recommendations.dart
DA:9,1
DA:11,1
DA:12,2
LF:3
LH:3
end_of_record
SF:./lib\domain\usecases\movie\get_now_playing_movies.dart
DA:9,1
DA:11,1
DA:12,2
LF:3
LH:3
end_of_record
SF:./lib\domain\usecases\movie\get_popular_movies.dart
DA:9,1
DA:11,1
DA:12,2
LF:3
LH:3
end_of_record
SF:./lib\domain\usecases\movie\get_top_rated_movies.dart
DA:9,1
DA:11,1
DA:12,2
LF:3
LH:3
end_of_record
SF:./lib\domain\usecases\movie\get_watchlist_movies.dart
DA:9,1
DA:11,1
DA:12,2
LF:3
LH:3
end_of_record
SF:./lib\domain\usecases\movie\get_watchlist_status.dart
DA:6,1
DA:8,1
DA:9,2
LF:3
LH:3
end_of_record
SF:./lib\domain\usecases\movie\remove_watchlist.dart
DA:9,1
DA:11,1
DA:12,2
LF:3
LH:3
end_of_record
SF:./lib\domain\usecases\movie\save_watchlist.dart
DA:9,1
DA:11,1
DA:12,2
LF:3
LH:3
end_of_record
SF:./lib\domain\usecases\movie\search_movies.dart
DA:9,1
DA:11,1
DA:12,2
LF:3
LH:3
end_of_record
SF:./lib\domain\usecases\tvshow\get_now_playing_tvshow.dart
DA:10,1
DA:12,1
DA:13,2
LF:3
LH:3
end_of_record
SF:./lib\domain\usecases\tvshow\get_popular_tvshow.dart
DA:10,1
DA:12,1
DA:13,2
LF:3
LH:3
end_of_record
SF:./lib\domain\usecases\tvshow\get_top_rated_tvshow.dart
DA:10,1
DA:12,1
DA:13,2
LF:3
LH:3
end_of_record
SF:./lib\domain\usecases\tvshow\get_tvshow_detail.dart
DA:9,1
DA:11,1
DA:12,2
LF:3
LH:3
end_of_record
SF:./lib\domain\usecases\tvshow\get_tvshow_recommendations.dart
DA:9,1
DA:11,1
DA:12,2
LF:3
LH:3
end_of_record
SF:./lib\domain\usecases\tvshow\get_tvshow_watchlist_status.dart
DA:6,1
DA:8,1
DA:9,2
LF:3
LH:3
end_of_record
SF:./lib\domain\usecases\tvshow\get_watchlist_tvshow.dart
DA:9,1
DA:11,1
DA:12,2
LF:3
LH:3
end_of_record
SF:./lib\domain\usecases\tvshow\remove_tvshow_watchlist.dart
DA:9,1
DA:11,1
DA:12,2
LF:3
LH:3
end_of_record
SF:./lib\domain\usecases\tvshow\save_tvshow_watchlist.dart
DA:9,1
DA:11,1
DA:12,2
LF:3
LH:3
end_of_record
SF:./lib\domain\usecases\tvshow\search_tvshow.dart
DA:9,1
DA:11,1
DA:12,2
LF:3
LH:3
end_of_record
SF:./lib\presentation\bloc\main\main_event.dart
DA:4,1
DA:6,0
DA:7,0
DA:13,1
DA:15,0
DA:16,0
LF:6
LH:2
end_of_record
SF:./lib\presentation\bloc\main\main_bloc.dart
DA:8,2
DA:9,2
DA:10,3
LF:3
LH:3
end_of_record
SF:./lib\presentation\bloc\main\main_state.dart
DA:6,1
DA:8,1
DA:9,2
LF:3
LH:3
end_of_record
SF:./lib\presentation\bloc\movie\movie_detail\movie_detail_event.dart
DA:4,2
DA:6,0
DA:7,0
DA:13,2
DA:15,0
DA:16,0
DA:22,2
DA:24,0
DA:25,0
DA:31,1
DA:33,0
DA:34,0
LF:12
LH:4
end_of_record
SF:./lib\presentation\bloc\movie\movie_detail\movie_detail_state.dart
DA:15,2
DA:25,2
DA:34,2
DA:35,2
DA:36,2
DA:37,2
DA:38,2
DA:39,1
DA:41,2
DA:45,1
DA:46,1
DA:47,1
DA:48,1
DA:49,1
DA:50,1
DA:51,1
DA:52,1
DA:53,1
LF:18
LH:18
end_of_record
SF:./lib\presentation\bloc\movie\movie_detail\movie_detail_bloc.dart
DA:27,1
DA:33,1
DA:34,2
DA:35,2
DA:36,2
DA:39,1
DA:43,3
DA:45,2
DA:46,3
DA:47,3
DA:48,3
DA:51,1
DA:52,1
DA:53,1
DA:55,1
DA:56,1
DA:57,3
DA:59,1
DA:62,1
DA:63,1
DA:64,1
DA:65,3
DA:69,1
DA:73,1
DA:74,3
DA:87,1
DA:91,3
DA:93,1
DA:94,2
DA:95,1
DA:98,4
DA:100,3
DA:106,1
DA:110,3
DA:112,1
DA:113,0
DA:114,1
DA:117,4
DA:119,3
LF:39
LH:38
end_of_record
SF:./lib\presentation\bloc\movie\movie_list\movie_list_bloc.dart
DA:18,1
DA:22,1
DA:23,2
DA:26,1
DA:30,3
DA:36,2
DA:37,2
DA:38,2
DA:39,2
DA:42,1
DA:43,1
DA:44,1
DA:46,1
DA:48,1
DA:49,2
DA:51,1
DA:52,2
DA:56,1
DA:57,2
DA:59,1
DA:60,2
DA:64,1
DA:65,0
DA:67,0
DA:68,2
DA:72,1
LF:26
LH:24
end_of_record
SF:./lib\presentation\bloc\movie\movie_list\movie_list_event.dart
DA:4,1
DA:6,0
DA:7,0
LF:3
LH:1
end_of_record
SF:./lib\presentation\bloc\movie\movie_list\movie_list_state.dart
DA:16,1
DA:28,1
DA:39,1
DA:40,1
DA:41,1
DA:42,1
DA:43,1
DA:44,1
DA:45,1
DA:46,1
DA:47,1
DA:48,1
DA:52,1
DA:53,1
DA:54,1
DA:55,1
DA:56,1
DA:57,1
DA:58,1
DA:59,1
DA:60,1
DA:61,1
DA:62,1
LF:23
LH:23
end_of_record
SF:./lib\presentation\bloc\movie\popular_movie\popular_movie_state.dart
DA:4,2
DA:6,1
DA:7,1
DA:17,2
DA:19,1
DA:20,2
DA:26,2
DA:28,1
DA:29,2
LF:9
LH:9
end_of_record
SF:./lib\presentation\bloc\movie\popular_movie\popular_movie_bloc.dart
DA:14,3
DA:15,2
DA:18,1
DA:22,2
DA:24,2
DA:26,1
DA:27,1
DA:28,3
DA:30,1
DA:31,2
LF:10
LH:10
end_of_record
SF:./lib\presentation\bloc\movie\popular_movie\popular_movie_event.dart
DA:4,2
DA:6,0
DA:7,0
LF:3
LH:1
end_of_record
SF:./lib\presentation\bloc\movie\top_rated_movie\top_rated_movie_bloc.dart
DA:15,1
DA:16,2
DA:17,2
DA:20,1
DA:24,2
DA:26,2
DA:28,1
DA:29,1
DA:30,3
DA:32,1
DA:33,2
LF:11
LH:11
end_of_record
SF:./lib\presentation\bloc\movie\top_rated_movie\top_rated_movie_event.dart
DA:4,2
DA:6,0
DA:7,0
LF:3
LH:1
end_of_record
SF:./lib\presentation\bloc\movie\top_rated_movie\top_rated_movie_state.dart
DA:4,2
DA:6,1
DA:7,1
DA:17,2
DA:19,1
DA:20,2
DA:26,2
DA:28,1
DA:29,2
LF:9
LH:9
end_of_record
SF:./lib\presentation\bloc\movie\movie_search\movie_search_event.dart
DA:4,1
DA:6,0
DA:7,0
DA:13,1
DA:15,0
DA:16,0
LF:6
LH:2
end_of_record
SF:./lib\presentation\bloc\movie\movie_search\movie_search_state.dart
DA:4,1
DA:6,1
DA:7,1
DA:17,1
DA:19,1
DA:20,2
DA:26,1
DA:28,1
DA:29,2
LF:9
LH:9
end_of_record
SF:./lib\presentation\bloc\movie\movie_search\movie_search_bloc.dart
DA:14,1
DA:15,3
DA:21,3
DA:22,1
DA:23,1
DA:24,1
DA:28,1
DA:32,1
DA:33,1
DA:34,2
DA:38,2
DA:40,2
DA:42,1
DA:43,1
DA:44,3
DA:46,1
DA:47,2
LF:17
LH:17
end_of_record
SF:./lib\presentation\bloc\movie\watchlist_movie\watchlist_movie_state.dart
DA:4,1
DA:6,1
DA:7,1
DA:17,1
DA:19,1
DA:20,2
DA:26,1
DA:28,1
DA:29,2
LF:9
LH:9
end_of_record
SF:./lib\presentation\bloc\movie\watchlist_movie\watchlist_movie_bloc.dart
DA:15,1
DA:16,2
DA:17,2
DA:20,1
DA:24,2
DA:26,2
DA:27,1
DA:28,1
DA:29,3
DA:31,1
DA:32,2
LF:11
LH:11
end_of_record
SF:./lib\presentation\bloc\movie\watchlist_movie\watchlist_movie_event.dart
DA:4,1
DA:6,0
DA:7,0
LF:3
LH:1
end_of_record
SF:./lib\presentation\bloc\popular_tv_show\popular_tv_show_event.dart
DA:4,2
DA:6,0
DA:7,0
LF:3
LH:1
end_of_record
SF:./lib\presentation\bloc\popular_tv_show\popular_tv_show_state.dart
DA:4,2
DA:6,1
DA:7,1
DA:17,2
DA:19,1
DA:20,2
DA:26,2
DA:28,1
DA:29,2
LF:9
LH:9
end_of_record
SF:./lib\presentation\bloc\popular_tv_show\popular_tv_show_bloc.dart
DA:14,1
DA:15,2
DA:16,2
DA:19,1
DA:23,2
DA:25,2
DA:27,1
DA:28,1
DA:29,3
DA:31,1
DA:32,2
LF:11
LH:11
end_of_record
SF:./lib\presentation\bloc\tv_show_search\tv_show_search_state.dart
DA:4,2
DA:6,2
DA:7,2
DA:17,2
DA:19,2
DA:20,4
DA:26,2
DA:28,2
DA:29,4
LF:9
LH:9
end_of_record
SF:./lib\presentation\bloc\tv_show_search\tv_show_search_event.dart
DA:4,2
DA:6,0
DA:7,0
DA:13,2
DA:15,0
DA:16,0
LF:6
LH:2
end_of_record
SF:./lib\presentation\bloc\tv_show_search\tv_show_search_bloc.dart
DA:15,6
DA:16,2
DA:17,2
DA:18,2
DA:19,2
DA:20,2
DA:24,2
DA:26,2
DA:27,2
DA:28,0
DA:32,4
DA:34,4
DA:36,2
DA:37,2
DA:38,6
DA:40,2
DA:41,4
LF:17
LH:16
end_of_record
SF:./lib\domain\usecases\tvshow\get_season_detail.dart
DA:10,0
DA:12,0
DA:13,0
LF:3
LH:0
end_of_record
SF:./lib\presentation\bloc\season_detail\season_detail_event.dart
DA:4,2
DA:6,0
DA:7,0
DA:14,2
DA:16,0
DA:17,0
LF:6
LH:2
end_of_record
SF:./lib\presentation\bloc\season_detail\season_detail_bloc.dart
DA:14,1
DA:15,2
DA:16,2
DA:19,1
DA:21,2
DA:24,4
DA:26,1
DA:27,1
DA:28,3
DA:30,1
DA:31,3
LF:11
LH:11
end_of_record
SF:./lib\presentation\bloc\season_detail\season_detail_state.dart
DA:4,2
DA:6,1
DA:7,1
DA:21,2
DA:23,1
DA:24,2
DA:32,2
DA:34,1
DA:35,2
LF:9
LH:9
end_of_record
SF:./lib\presentation\bloc\top_rated_tv_show\top_rated_tv_show_bloc.dart
DA:15,1
DA:16,2
DA:17,2
DA:20,1
DA:22,2
DA:24,2
DA:26,1
DA:27,1
DA:28,3
DA:30,1
DA:31,2
LF:11
LH:11
end_of_record
SF:./lib\presentation\bloc\top_rated_tv_show\top_rated_tv_show_state.dart
DA:4,2
DA:6,1
DA:7,1
DA:17,2
DA:19,1
DA:20,2
DA:26,2
DA:28,1
DA:29,2
LF:9
LH:9
end_of_record
SF:./lib\presentation\bloc\top_rated_tv_show\top_rated_tv_show_event.dart
DA:4,2
DA:6,0
DA:7,0
LF:3
LH:1
end_of_record
SF:./lib\presentation\bloc\tv_show_detail\tv_show_detail_bloc.dart
DA:26,1
DA:32,1
DA:33,2
DA:34,2
DA:35,2
DA:36,2
DA:39,1
DA:43,3
DA:45,2
DA:46,3
DA:47,3
DA:48,3
DA:51,1
DA:52,1
DA:53,1
DA:55,1
DA:56,1
DA:58,3
DA:60,1
DA:63,1
DA:65,1
DA:66,1
DA:68,3
DA:72,1
DA:76,1
DA:78,3
DA:91,0
DA:95,0
DA:96,0
DA:99,1
DA:101,3
DA:103,1
DA:104,2
DA:105,1
DA:108,4
DA:110,3
DA:116,1
DA:118,3
DA:120,1
DA:121,0
DA:122,1
DA:125,4
DA:127,3
LF:43
LH:39
end_of_record
SF:./lib\presentation\bloc\tv_show_detail\tv_show_detail_event.dart
DA:4,2
DA:6,0
DA:7,0
DA:13,2
DA:15,0
DA:16,0
DA:22,2
DA:24,0
DA:25,0
DA:31,1
DA:33,0
DA:34,0
DA:40,0
DA:42,0
DA:43,0
LF:15
LH:4
end_of_record
SF:./lib\presentation\bloc\tv_show_detail\tv_show_state.dart
DA:18,2
DA:28,2
DA:37,2
DA:38,2
DA:39,2
DA:40,2
DA:42,2
DA:43,1
DA:45,2
DA:49,1
DA:50,1
DA:51,1
DA:52,1
DA:53,1
DA:54,1
DA:55,1
DA:56,1
DA:57,1
LF:18
LH:18
end_of_record
SF:./lib\presentation\bloc\tv_show_list\tv_show_list_bloc.dart
DA:19,1
DA:23,1
DA:24,2
DA:27,1
DA:31,3
DA:37,2
DA:38,2
DA:39,2
DA:40,2
DA:43,1
DA:44,1
DA:45,1
DA:47,1
DA:49,1
DA:50,2
DA:52,1
DA:53,2
DA:57,1
DA:58,0
DA:60,0
DA:61,2
DA:65,1
DA:66,0
DA:68,0
DA:69,2
DA:73,1
LF:26
LH:22
end_of_record
SF:./lib\presentation\bloc\tv_show_list\tv_show_list_event.dart
DA:4,1
DA:6,0
DA:7,0
LF:3
LH:1
end_of_record
SF:./lib\presentation\bloc\tv_show_list\tv_show_list_state.dart
DA:20,1
DA:33,1
DA:44,1
DA:45,1
DA:46,1
DA:47,1
DA:48,1
DA:49,1
DA:50,1
DA:51,1
DA:52,1
DA:53,1
DA:57,1
DA:58,1
DA:59,1
DA:60,1
DA:61,1
DA:62,1
DA:63,1
DA:64,1
DA:65,1
DA:66,1
DA:67,1
LF:23
LH:23
end_of_record
SF:./lib\presentation\bloc\watchlist_tv_show\watchlist_tv_show_state.dart
DA:4,1
DA:6,1
DA:7,1
DA:17,1
DA:19,1
DA:20,2
DA:26,1
DA:28,1
DA:29,2
LF:9
LH:9
end_of_record
SF:./lib\presentation\bloc\watchlist_tv_show\watchlist_tv_show_bloc.dart
DA:15,1
DA:16,2
DA:17,2
DA:20,1
DA:24,2
DA:26,2
DA:28,1
DA:29,1
DA:30,3
DA:32,1
DA:33,2
LF:11
LH:11
end_of_record
SF:./lib\presentation\bloc\watchlist_tv_show\watchlist_tv_show_event.dart
DA:4,1
DA:6,0
DA:7,0
LF:3
LH:1
end_of_record
SF:./lib\presentation\pages\movie\popular_movies_page.dart
DA:9,2
DA:11,1
DA:12,1
DA:16,1
DA:18,1
DA:19,2
DA:20,2
DA:23,1
DA:25,1
DA:26,1
DA:27,1
DA:29,1
DA:31,1
DA:32,1
DA:33,1
DA:34,1
DA:35,1
DA:37,1
DA:38,1
DA:39,1
DA:40,2
DA:41,1
DA:43,2
DA:46,1
DA:47,1
LF:25
LH:25
end_of_record
SF:./lib\presentation\widgets\movie_card_list.dart
DA:10,6
DA:12,3
DA:14,3
DA:16,3
DA:17,1
DA:18,1
DA:21,2
DA:24,3
DA:26,3
DA:27,3
DA:28,3
DA:34,3
DA:36,3
DA:37,3
DA:38,6
DA:41,3
DA:43,3
DA:44,3
DA:45,6
DA:53,3
DA:58,3
DA:59,6
DA:60,3
DA:61,9
DA:63,6
DA:64,3
DA:66,0
LF:27
LH:26
end_of_record
SF:./lib\common\constants.dart
DA:15,4
DA:16,2
DA:17,30
DA:19,0
DA:21,9
DA:25,0
DA:26,0
DA:27,0
DA:28,0
DA:29,0
DA:32,0
DA:33,0
LF:12
LH:4
end_of_record
SF:./lib\presentation\pages\movie\movie_detail_page.dart
DA:17,2
DA:19,1
DA:20,1
DA:24,1
DA:26,1
DA:27,6
DA:30,1
DA:32,1
DA:33,1
DA:34,1
DA:35,3
DA:36,2
DA:37,1
DA:38,1
DA:41,1
DA:42,1
DA:43,1
DA:44,3
DA:46,1
DA:48,1
DA:49,2
DA:53,1
DA:54,2
DA:55,0
DA:56,0
DA:58,2
DA:59,1
DA:60,1
DA:61,2
DA:62,1
DA:65,0
DA:79,1
DA:82,1
DA:84,1
DA:86,3
DA:87,1
DA:88,1
DA:89,1
DA:90,3
DA:92,2
DA:93,1
DA:95,0
DA:97,1
DA:99,1
DA:100,1
DA:101,1
DA:102,1
DA:104,2
DA:111,1
DA:112,1
DA:113,1
DA:115,1
DA:117,1
DA:119,1
DA:120,1
DA:121,2
DA:122,1
DA:124,1
DA:125,1
DA:126,2
DA:128,1
DA:129,4
DA:131,0
DA:132,0
DA:135,1
DA:137,1
DA:138,1
DA:139,1
DA:140,1
DA:141,1
DA:145,1
DA:146,3
DA:148,1
DA:149,3
DA:151,1
DA:152,1
DA:153,1
DA:154,3
DA:156,2
DA:162,4
DA:165,1
DA:166,1
DA:168,1
DA:170,1
DA:171,2
DA:173,1
DA:174,1
DA:176,1
DA:178,3
DA:179,0
DA:180,0
DA:181,3
DA:182,0
DA:183,0
DA:184,3
DA:185,1
DA:186,1
DA:188,1
DA:190,1
DA:191,2
DA:192,1
DA:194,1
DA:195,0
DA:196,0
DA:199,0
DA:202,1
DA:203,1
DA:204,1
DA:206,1
DA:208,2
DA:209,1
DA:210,1
DA:212,1
DA:215,0
DA:216,0
DA:222,2
DA:225,0
DA:226,0
DA:232,1
DA:234,1
DA:249,1
DA:251,1
DA:254,1
DA:255,1
DA:256,0
DA:257,0
DA:266,1
DA:268,2
DA:269,3
DA:272,1
DA:276,3
DA:279,1
DA:280,1
DA:281,1
DA:283,1
DA:284,1
DA:286,0
LF:137
LH:117
end_of_record
SF:./lib\presentation\pages\movie\top_rated_movies_page.dart
DA:10,2
DA:12,1
DA:13,1
DA:17,1
DA:19,1
DA:20,2
DA:21,2
DA:24,1
DA:26,1
DA:27,1
DA:28,1
DA:30,1
DA:32,1
DA:33,1
DA:34,1
DA:35,1
DA:36,1
DA:38,1
DA:39,1
DA:40,1
DA:41,2
DA:42,1
DA:44,2
DA:47,1
DA:48,1
LF:25
LH:25
end_of_record
SF:./lib\presentation\pages\tvshow\popular_tvshow_page.dart
DA:9,2
DA:11,1
DA:12,1
DA:16,1
DA:18,1
DA:20,2
DA:21,2
DA:24,1
DA:26,1
DA:27,1
DA:28,1
DA:30,1
DA:32,1
DA:33,1
DA:34,1
DA:35,1
DA:36,1
DA:38,1
DA:39,1
DA:40,1
DA:41,2
DA:42,1
DA:44,2
DA:46,1
DA:47,1
DA:48,1
DA:49,2
DA:52,0
DA:53,0
LF:29
LH:27
end_of_record
SF:./lib\presentation\widgets\tvshow_card_list.dart
DA:10,6
DA:12,3
DA:14,3
DA:16,3
DA:17,1
DA:18,1
DA:21,2
DA:24,3
DA:26,3
DA:27,3
DA:28,3
DA:34,3
DA:36,3
DA:37,3
DA:38,6
DA:41,3
DA:43,3
DA:44,3
DA:45,6
DA:53,3
DA:58,3
DA:59,6
DA:60,3
DA:61,9
DA:63,6
DA:64,3
DA:66,0
LF:27
LH:26
end_of_record
SF:./lib\presentation\pages\tvshow\season_detail_tvshow_page.dart
DA:13,1
DA:15,1
DA:17,1
DA:18,1
DA:22,1
DA:24,1
DA:25,1
DA:26,1
DA:27,6
DA:30,1
DA:32,1
DA:33,1
DA:34,1
DA:36,1
DA:38,1
DA:39,1
DA:40,1
DA:41,1
DA:42,1
DA:44,1
DA:45,1
DA:46,1
DA:47,2
DA:48,1
DA:50,2
DA:53,2
LF:26
LH:26
end_of_record
SF:./lib\presentation\widgets\season_episode_card_list.dart
DA:9,4
DA:11,2
DA:13,2
DA:15,2
DA:16,2
DA:18,2
DA:19,2
DA:20,2
DA:26,2
DA:28,2
DA:29,2
DA:31,10
DA:32,2
DA:33,10
DA:36,2
DA:39,2
DA:40,2
DA:41,4
DA:42,2
DA:43,4
DA:46,2
DA:53,2
DA:58,2
DA:59,4
DA:60,2
DA:61,6
DA:63,4
DA:64,2
DA:66,0
LF:29
LH:28
end_of_record
SF:./lib\presentation\pages\tvshow\tvshow_detail_page.dart
DA:17,2
DA:19,1
DA:20,1
DA:24,1
DA:26,1
DA:28,6
DA:31,1
DA:33,1
DA:34,1
DA:35,1
DA:36,3
DA:37,2
DA:38,1
DA:39,1
DA:42,1
DA:43,1
DA:44,1
DA:45,3
DA:47,1
DA:49,1
DA:50,2
DA:54,1
DA:55,2
DA:56,0
DA:57,2
DA:58,2
DA:60,0
DA:71,2
DA:73,1
DA:75,3
DA:76,1
DA:77,1
DA:78,1
DA:80,4
DA:82,2
DA:83,1
DA:85,0
DA:87,1
DA:89,1
DA:90,1
DA:91,1
DA:92,1
DA:94,2
DA:101,1
DA:102,1
DA:103,1
DA:105,1
DA:107,1
DA:109,1
DA:110,1
DA:111,3
DA:112,1
DA:114,1
DA:115,1
DA:116,2
DA:118,1
DA:119,4
DA:122,0
DA:123,0
DA:126,1
DA:128,1
DA:129,2
DA:130,1
DA:131,1
DA:132,1
DA:136,1
DA:137,4
DA:139,1
DA:140,1
DA:141,1
DA:142,4
DA:144,2
DA:150,5
DA:153,1
DA:154,1
DA:156,1
DA:158,1
DA:159,3
DA:161,1
DA:162,5
DA:163,1
DA:165,1
DA:167,3
DA:168,1
DA:170,1
DA:171,1
DA:173,1
DA:175,3
DA:176,0
DA:177,0
DA:178,3
DA:179,0
DA:180,0
DA:181,3
DA:182,1
DA:183,1
DA:185,1
DA:187,1
DA:189,3
DA:190,1
DA:192,1
DA:193,0
DA:194,0
DA:197,0
DA:200,1
DA:201,1
DA:202,1
DA:204,1
DA:206,2
DA:207,1
DA:208,1
DA:210,1
DA:213,0
DA:214,0
DA:221,3
DA:224,0
DA:225,0
DA:231,1
DA:233,1
DA:250,1
DA:252,1
DA:255,1
DA:256,1
DA:257,0
DA:258,0
DA:267,1
DA:269,2
DA:270,3
DA:273,1
DA:277,3
DA:282,1
DA:285,1
DA:289,1
DA:291,1
DA:293,1
DA:295,3
DA:296,1
DA:297,3
DA:298,1
DA:300,1
DA:302,1
DA:303,0
DA:304,0
DA:307,0
DA:308,0
DA:309,0
DA:313,1
DA:315,1
DA:316,1
DA:317,1
DA:318,1
DA:320,1
DA:321,1
DA:322,1
DA:323,1
DA:327,2
DA:328,1
DA:330,0
DA:333,0
DA:334,0
DA:338,1
DA:339,1
DA:340,1
DA:341,1
DA:345,1
DA:346,2
DA:347,2
LF:167
LH:141
end_of_record
SF:./lib\presentation\pages\tvshow\top_rated_tvshow_page.dart
DA:9,2
DA:11,1
DA:12,1
DA:16,1
DA:18,1
DA:20,2
DA:21,2
DA:24,1
DA:26,1
DA:27,1
DA:28,1
DA:30,1
DA:32,1
DA:33,1
DA:34,1
DA:35,1
DA:36,1
DA:38,1
DA:39,1
DA:40,1
DA:41,2
DA:42,1
DA:44,2
DA:46,1
DA:47,1
DA:48,1
DA:49,2
DA:52,0
DA:53,0
LF:29
LH:27
end_of_record
